<?xml version="1.0" encoding="UTF-8"?>
<!-- Generated by org.testng.reporters.JUnitReportReporter -->
<testsuite hostname="WINAA20CC6M3" failures="0" tests="1" name="org.demo.testScripts.TC2_GetAllRequest" time="2.132" errors="0" timestamp="2024-10-14T15:42:33 COT" skipped="0">
  <testcase classname="org.demo.testScripts.TC2_GetAllRequest" name="testCase2" time="2.132"/>
</testsuite> <!-- org.demo.testScripts.TC2_GetAllRequest -->
