<?xml version="1.0" encoding="UTF-8"?>
<!-- Generated by org.testng.reporters.JUnitReportReporter -->
<testsuite hostname="WINAA20CC6M3" failures="0" tests="1" name="org.demo.testScripts.TC1_Post_Sabari" time="4.923" errors="0" timestamp="2024-10-16T08:17:53 COT" skipped="0">
  <testcase classname="org.demo.testScripts.TC1_Post_Sabari" name="testCase1" time="4.923"/>
</testsuite> <!-- org.demo.testScripts.TC1_Post_Sabari -->
