<?xml version="1.0" encoding="UTF-8"?>
<!-- Generated by org.testng.reporters.JUnitReportReporter -->
<testsuite hostname="WINAA20CC6M3" failures="0" tests="1" name="org.demo.testScripts.TC2_GetAll_Rodrigo" time="0.123" errors="0" timestamp="2024-10-14T16:57:59 COT" skipped="0">
  <testcase classname="org.demo.testScripts.TC2_GetAll_Rodrigo" name="testCase2" time="0.123"/>
</testsuite> <!-- org.demo.testScripts.TC2_GetAll_Rodrigo -->
