<?xml version="1.0" encoding="UTF-8"?>
<!-- Generated by org.testng.reporters.JUnitReportReporter -->
<testsuite hostname="WINAA20CC6M3" failures="0" tests="1" name="org.demo.testScripts.TC7_Post_Roberto" time="0.403" errors="0" timestamp="2024-10-16T08:17:53 COT" skipped="0">
  <testcase classname="org.demo.testScripts.TC7_Post_Roberto" name="testCase1" time="0.403"/>
</testsuite> <!-- org.demo.testScripts.TC7_Post_Roberto -->
