<?xml version="1.0" encoding="UTF-8"?>
<!-- Generated by org.testng.reporters.JUnitReportReporter -->
<testsuite hostname="WINAA20CC6M3" failures="0" tests="1" name="org.demo.testScripts.TC4_GetAll_Jesus" time="0.585" errors="0" timestamp="2024-10-16T08:20:14 COT" skipped="0">
  <testcase classname="org.demo.testScripts.TC4_GetAll_Jesus" name="testCase2" time="0.585"/>
</testsuite> <!-- org.demo.testScripts.TC4_GetAll_Jesus -->
