<?xml version="1.0" encoding="UTF-8"?>
<!-- Generated by org.testng.reporters.JUnitReportReporter -->
<testsuite hostname="WINAA20CC6M3" failures="0" tests="1" name="org.demo.testScripts.TC8_GetAll_Roberto" time="3.672" errors="0" timestamp="2024-10-16T08:19:06 COT" skipped="0">
  <testcase classname="org.demo.testScripts.TC8_GetAll_Roberto" name="testCase2" time="3.672"/>
</testsuite> <!-- org.demo.testScripts.TC8_GetAll_Roberto -->
