<?xml version="1.0" encoding="UTF-8"?>
<!-- Generated by org.testng.reporters.JUnitReportReporter -->
<testsuite hostname="WINAA20CC6M3" failures="0" tests="1" name="org.demo.testScripts.TC3_Post_Jesus" time="3.577" errors="0" timestamp="2024-10-16T08:20:14 COT" skipped="0">
  <testcase classname="org.demo.testScripts.TC3_Post_Jesus" name="testCase1" time="3.577"/>
</testsuite> <!-- org.demo.testScripts.TC3_Post_Jesus -->
