<?xml version="1.0" encoding="UTF-8"?>
<!-- Generated by org.testng.reporters.JUnitReportReporter -->
<testsuite hostname="WINAA20CC6M3" failures="0" tests="1" name="org.demo.testScripts.TC1_PostRequest_randomNum" time="1.949" errors="0" timestamp="2024-10-14T15:39:07 COT" skipped="0">
  <testcase classname="org.demo.testScripts.TC1_PostRequest_randomNum" name="testCase1" time="1.949"/>
</testsuite> <!-- org.demo.testScripts.TC1_PostRequest_randomNum -->
